have_func: checking for rb_timespec_now()... -------------------- no

"clang -o conftest -I/usr/local/Cellar/ruby/2.2.3/include/ruby-2.2.0/x86_64-darwin14 -I/usr/local/Cellar/ruby/2.2.3/include/ruby-2.2.0/ruby/backward -I/usr/local/Cellar/ruby/2.2.3/include/ruby-2.2.0 -I.  -I/usr/local/opt/libyaml/include -I/usr/local/opt/openssl/include -I/usr/local/opt/readline/include -D_XOPEN_SOURCE -D_DARWIN_C_SOURCE -D_DARWIN_UNLIMITED_SELECT -D_REENTRANT    -O3 -fno-fast-math -ggdb3 -Wall -Wextra -Wno-unused-parameter -Wno-parentheses -Wno-long-long -Wno-missing-field-initializers -Wunused-variable -Wpointer-arith -Wwrite-strings -Wdeclaration-after-statement -Wshorten-64-to-32 -Wimplicit-function-declaration -Wdivision-by-zero -Wdeprecated-declarations -Wextra-tokens  -fno-common -pipe conftest.c  -L/usr/local/opt/libyaml/lib -L/usr/local/opt/openssl/lib -L/usr/local/opt/readline/lib -L. -L/usr/local/Cellar/ruby/2.2.3/lib -L. -fstack-protector -L/usr/local/opt/libyaml/lib -L/usr/local/opt/openssl/lib -L/usr/local/opt/readline/lib      -lruby.2.2.0  -lpthread -ldl -lobjc "
checked program was:
/* begin */
1: #include "ruby.h"
2: 
3: int main(int argc, char **argv)
4: {
5:   return 0;
6: }
/* end */

"clang -o conftest -I/usr/local/Cellar/ruby/2.2.3/include/ruby-2.2.0/x86_64-darwin14 -I/usr/local/Cellar/ruby/2.2.3/include/ruby-2.2.0/ruby/backward -I/usr/local/Cellar/ruby/2.2.3/include/ruby-2.2.0 -I.  -I/usr/local/opt/libyaml/include -I/usr/local/opt/openssl/include -I/usr/local/opt/readline/include -D_XOPEN_SOURCE -D_DARWIN_C_SOURCE -D_DARWIN_UNLIMITED_SELECT -D_REENTRANT    -O3 -fno-fast-math -ggdb3 -Wall -Wextra -Wno-unused-parameter -Wno-parentheses -Wno-long-long -Wno-missing-field-initializers -Wunused-variable -Wpointer-arith -Wwrite-strings -Wdeclaration-after-statement -Wshorten-64-to-32 -Wimplicit-function-declaration -Wdivision-by-zero -Wdeprecated-declarations -Wextra-tokens  -fno-common -pipe conftest.c  -L/usr/local/opt/libyaml/lib -L/usr/local/opt/openssl/lib -L/usr/local/opt/readline/lib -L. -L/usr/local/Cellar/ruby/2.2.3/lib -L. -fstack-protector -L/usr/local/opt/libyaml/lib -L/usr/local/opt/openssl/lib -L/usr/local/opt/readline/lib      -lruby.2.2.0  -lpthread -ldl -lobjc "
conftest.c:13:57: error: use of undeclared identifier 'rb_timespec_now'
int t(void) { void ((*volatile p)()); p = (void ((*)()))rb_timespec_now; return 0; }
                                                        ^
1 error generated.
checked program was:
/* begin */
 1: #include "ruby.h"
 2: 
 3: /*top*/
 4: extern int t(void);
 5: int main(int argc, char **argv)
 6: {
 7:   if (argc > 1000000) {
 8:     printf("%p", &t);
 9:   }
10: 
11:   return 0;
12: }
13: int t(void) { void ((*volatile p)()); p = (void ((*)()))rb_timespec_now; return 0; }
/* end */

"clang -o conftest -I/usr/local/Cellar/ruby/2.2.3/include/ruby-2.2.0/x86_64-darwin14 -I/usr/local/Cellar/ruby/2.2.3/include/ruby-2.2.0/ruby/backward -I/usr/local/Cellar/ruby/2.2.3/include/ruby-2.2.0 -I.  -I/usr/local/opt/libyaml/include -I/usr/local/opt/openssl/include -I/usr/local/opt/readline/include -D_XOPEN_SOURCE -D_DARWIN_C_SOURCE -D_DARWIN_UNLIMITED_SELECT -D_REENTRANT    -O3 -fno-fast-math -ggdb3 -Wall -Wextra -Wno-unused-parameter -Wno-parentheses -Wno-long-long -Wno-missing-field-initializers -Wunused-variable -Wpointer-arith -Wwrite-strings -Wdeclaration-after-statement -Wshorten-64-to-32 -Wimplicit-function-declaration -Wdivision-by-zero -Wdeprecated-declarations -Wextra-tokens  -fno-common -pipe conftest.c  -L/usr/local/opt/libyaml/lib -L/usr/local/opt/openssl/lib -L/usr/local/opt/readline/lib -L. -L/usr/local/Cellar/ruby/2.2.3/lib -L. -fstack-protector -L/usr/local/opt/libyaml/lib -L/usr/local/opt/openssl/lib -L/usr/local/opt/readline/lib      -lruby.2.2.0  -lpthread -ldl -lobjc "
conftest.c:13:15: warning: implicit declaration of function 'rb_timespec_now' is invalid in C99 [-Wimplicit-function-declaration]
int t(void) { rb_timespec_now(); return 0; }
              ^
1 warning generated.
Undefined symbols for architecture x86_64:
  "_rb_timespec_now", referenced from:
      _t in conftest-34abba.o
ld: symbol(s) not found for architecture x86_64
clang: error: linker command failed with exit code 1 (use -v to see invocation)
checked program was:
/* begin */
 1: #include "ruby.h"
 2: 
 3: /*top*/
 4: extern int t(void);
 5: int main(int argc, char **argv)
 6: {
 7:   if (argc > 1000000) {
 8:     printf("%p", &t);
 9:   }
10: 
11:   return 0;
12: }
13: int t(void) { rb_timespec_now(); return 0; }
/* end */

--------------------

have_func: checking for rb_time_timespec_new()... -------------------- no

"clang -o conftest -I/usr/local/Cellar/ruby/2.2.3/include/ruby-2.2.0/x86_64-darwin14 -I/usr/local/Cellar/ruby/2.2.3/include/ruby-2.2.0/ruby/backward -I/usr/local/Cellar/ruby/2.2.3/include/ruby-2.2.0 -I.  -I/usr/local/opt/libyaml/include -I/usr/local/opt/openssl/include -I/usr/local/opt/readline/include -D_XOPEN_SOURCE -D_DARWIN_C_SOURCE -D_DARWIN_UNLIMITED_SELECT -D_REENTRANT    -O3 -fno-fast-math -ggdb3 -Wall -Wextra -Wno-unused-parameter -Wno-parentheses -Wno-long-long -Wno-missing-field-initializers -Wunused-variable -Wpointer-arith -Wwrite-strings -Wdeclaration-after-statement -Wshorten-64-to-32 -Wimplicit-function-declaration -Wdivision-by-zero -Wdeprecated-declarations -Wextra-tokens  -fno-common -pipe conftest.c  -L/usr/local/opt/libyaml/lib -L/usr/local/opt/openssl/lib -L/usr/local/opt/readline/lib -L. -L/usr/local/Cellar/ruby/2.2.3/lib -L. -fstack-protector -L/usr/local/opt/libyaml/lib -L/usr/local/opt/openssl/lib -L/usr/local/opt/readline/lib      -lruby.2.2.0  -lpthread -ldl -lobjc "
conftest.c:13:57: error: use of undeclared identifier 'rb_time_timespec_new'
int t(void) { void ((*volatile p)()); p = (void ((*)()))rb_time_timespec_new; return 0; }
                                                        ^
1 error generated.
checked program was:
/* begin */
 1: #include "ruby.h"
 2: 
 3: /*top*/
 4: extern int t(void);
 5: int main(int argc, char **argv)
 6: {
 7:   if (argc > 1000000) {
 8:     printf("%p", &t);
 9:   }
10: 
11:   return 0;
12: }
13: int t(void) { void ((*volatile p)()); p = (void ((*)()))rb_time_timespec_new; return 0; }
/* end */

"clang -o conftest -I/usr/local/Cellar/ruby/2.2.3/include/ruby-2.2.0/x86_64-darwin14 -I/usr/local/Cellar/ruby/2.2.3/include/ruby-2.2.0/ruby/backward -I/usr/local/Cellar/ruby/2.2.3/include/ruby-2.2.0 -I.  -I/usr/local/opt/libyaml/include -I/usr/local/opt/openssl/include -I/usr/local/opt/readline/include -D_XOPEN_SOURCE -D_DARWIN_C_SOURCE -D_DARWIN_UNLIMITED_SELECT -D_REENTRANT    -O3 -fno-fast-math -ggdb3 -Wall -Wextra -Wno-unused-parameter -Wno-parentheses -Wno-long-long -Wno-missing-field-initializers -Wunused-variable -Wpointer-arith -Wwrite-strings -Wdeclaration-after-statement -Wshorten-64-to-32 -Wimplicit-function-declaration -Wdivision-by-zero -Wdeprecated-declarations -Wextra-tokens  -fno-common -pipe conftest.c  -L/usr/local/opt/libyaml/lib -L/usr/local/opt/openssl/lib -L/usr/local/opt/readline/lib -L. -L/usr/local/Cellar/ruby/2.2.3/lib -L. -fstack-protector -L/usr/local/opt/libyaml/lib -L/usr/local/opt/openssl/lib -L/usr/local/opt/readline/lib      -lruby.2.2.0  -lpthread -ldl -lobjc "
conftest.c:13:15: warning: implicit declaration of function 'rb_time_timespec_new' is invalid in C99 [-Wimplicit-function-declaration]
int t(void) { rb_time_timespec_new(); return 0; }
              ^
1 warning generated.
Undefined symbols for architecture x86_64:
  "_rb_time_timespec_new", referenced from:
      _t in conftest-dcdcf1.o
ld: symbol(s) not found for architecture x86_64
clang: error: linker command failed with exit code 1 (use -v to see invocation)
checked program was:
/* begin */
 1: #include "ruby.h"
 2: 
 3: /*top*/
 4: extern int t(void);
 5: int main(int argc, char **argv)
 6: {
 7:   if (argc > 1000000) {
 8:     printf("%p", &t);
 9:   }
10: 
11:   return 0;
12: }
13: int t(void) { rb_time_timespec_new(); return 0; }
/* end */

--------------------

